#
# There is insufficient memory for the Java Runtime Environment to continue.
# Native memory allocation (malloc) failed to allocate 134304 bytes for Chunk::new
# Possible reasons:
#   The system is out of physical RAM or swap space
#   In 32 bit mode, the process size limit was hit
# Possible solutions:
#   Reduce memory load on the system
#   Increase physical memory or swap space
#   Check if swap backing store is full
#   Use 64 bit Java on a 64 bit OS
#   Decrease Java heap size (-Xmx/-Xms)
#   Decrease number of Java threads
#   Decrease Java thread stack sizes (-Xss)
#   Set larger code cache with -XX:ReservedCodeCacheSize=
# This output file may be truncated or incomplete.
#
#  Out of Memory Error (allocation.cpp:390), pid=29956, tid=0x000000000000762c
#
# JRE version: Java(TM) SE Runtime Environment (8.0_181-b13) (build 1.8.0_181-b13)
# Java VM: Java HotSpot(TM) 64-Bit Server VM (25.181-b13 mixed mode windows-amd64 compressed oops)
# Failed to write core dump. Minidumps are not enabled by default on client versions of Windows
#

---------------  T H R E A D  ---------------

Current thread (0x000000001d631000):  JavaThread "C2 CompilerThread1" daemon [_thread_in_native, id=30252, stack(0x000000001dce0000,0x000000001dde0000)]

Stack: [0x000000001dce0000,0x000000001dde0000]
[error occurred during error reporting (printing stack bounds), id 0xc0000005]

Native frames: (J=compiled Java code, j=interpreted, Vv=VM code, C=native code)


Current CompileTask:
C2:   3127  853       4       java.io.DataOutputStream::writeUTF (435 bytes)


---------------  P R O C E S S  ---------------

Java Threads: ( => current thread )
  0x000000001d65d000 JavaThread "Service Thread" daemon [_thread_blocked, id=16640, stack(0x000000001dee0000,0x000000001dfe0000)]
  0x000000001d640000 JavaThread "C1 CompilerThread2" daemon [_thread_blocked, id=6912, stack(0x000000001dde0000,0x000000001dee0000)]
=>0x000000001d631000 JavaThread "C2 CompilerThread1" daemon [_thread_in_native, id=30252, stack(0x000000001dce0000,0x000000001dde0000)]
  0x000000001c15f000 JavaThread "C2 CompilerThread0" daemon [_thread_blocked, id=28592, stack(0x000000001dbe0000,0x000000001dce0000)]
  0x000000001c149800 JavaThread "Attach Listener" daemon [_thread_blocked, id=17708, stack(0x000000001dae0000,0x000000001dbe0000)]
  0x000000001c1ae800 JavaThread "Signal Dispatcher" daemon [_thread_blocked, id=9076, stack(0x000000001d9e0000,0x000000001dae0000)]
  0x0000000002bad800 JavaThread "Finalizer" daemon [_thread_blocked, id=3632, stack(0x000000001d3c0000,0x000000001d4c0000)]
  0x0000000002ba2000 JavaThread "Reference Handler" daemon [_thread_blocked, id=27436, stack(0x000000001d2c0000,0x000000001d3c0000)]
  0x0000000002ab3000 JavaThread "main" [_thread_in_vm, id=16072, stack(0x00000000029b0000,0x0000000002ab0000)]

Other Threads:
  0x000000001c119000 VMThread [stack: 0x000000001d1c0000,0x000000001d2c0000] [id=12676]
  0x000000001d677800 WatcherThread [stack: 0x000000001dfe0000,0x000000001e0e0000] [id=9552]

VM state:not at safepoint (normal execution)

VM Mutex/Monitor currently owned by a thread: None

Heap:
 PSYoungGen      total 75776K, used 46827K [0x000000076b800000, 0x0000000770c80000, 0x00000007c0000000)
  eden space 65024K, 72% used [0x000000076b800000,0x000000076e5bacc0,0x000000076f780000)
  from space 10752K, 0% used [0x0000000770200000,0x0000000770200000,0x0000000770c80000)
  to   space 10752K, 0% used [0x000000076f780000,0x000000076f780000,0x0000000770200000)
 ParOldGen       total 173568K, used 0K [0x00000006c2800000, 0x00000006cd180000, 0x000000076b800000)
  object space 173568K, 0% used [0x00000006c2800000,0x00000006c2800000,0x00000006cd180000)
 Metaspace       used 9523K, capacity 9652K, committed 9728K, reserved 1058816K
  class space    used 1162K, capacity 1213K, committed 1280K, reserved 1048576K

Card table byte_map: [0x0000000011f70000,0x0000000012760000] byte_map_base: 0x000000000e95c000

Marking Bits: (ParMarkBitMap*) 0x0000000075462d00
 Begin Bits: [0x00000000130b0000, 0x0000000017010000)
 End Bits:   [0x0000000017010000, 0x000000001af70000)

Polling page: 0x0000000002500000

CodeCache: size=245760Kb used=3588Kb max_used=3590Kb free=242171Kb
 bounds [0x0000000002bb0000, 0x0000000002f40000, 0x0000000011bb0000]
 total_blobs=1177 nmethods=865 adapters=225
 compilation: enabled

Compilation events (10 events):
Event: 3.069 Thread 0x000000001d640000  850       3       java.util.HashMap::<init> (98 bytes)
Event: 3.069 Thread 0x000000001c15f000  851       4       java.lang.CharacterDataLatin1::isWhitespace (23 bytes)
Event: 3.070 Thread 0x000000001c15f000 nmethod 851 0x0000000002f297d0 code [0x0000000002f29900, 0x0000000002f29998]
Event: 3.071 Thread 0x000000001d640000 nmethod 850 0x0000000002f2dc90 code [0x0000000002f2df20, 0x0000000002f2f128]
Event: 3.071 Thread 0x000000001d640000  852       3       sun.misc.ProxyGenerator$ExceptionTableEntry::<init> (26 bytes)
Event: 3.072 Thread 0x000000001d640000 nmethod 852 0x0000000002f2ab90 code [0x0000000002f2ace0, 0x0000000002f2ae90]
Event: 3.072 Thread 0x000000001d631000  853       4       java.io.DataOutputStream::writeUTF (435 bytes)
Event: 3.078 Thread 0x000000001c15f000  855   !   4       java.util.concurrent.ConcurrentHashMap::putVal (362 bytes)
Event: 3.084 Thread 0x000000001d640000  856       3       java.util.AbstractList$Itr::hasNext (20 bytes)
Event: 3.084 Thread 0x000000001d640000 nmethod 856 0x0000000002f2a350 code [0x0000000002f2a4c0, 0x0000000002f2a748]

GC Heap History (0 events):
No events

Deoptimization events (10 events):
Event: 2.384 Thread 0x0000000002ab3000 Uncommon trap: reason=unstable_if action=reinterpret pc=0x0000000002d80e28 method=org.codehaus.plexus.util.xml.pull.MXParser.more()C @ 8
Event: 2.464 Thread 0x0000000002ab3000 Uncommon trap: reason=unstable_if action=reinterpret pc=0x0000000002e51d58 method=java.nio.charset.CoderResult.isOverflow()Z @ 5
Event: 2.507 Thread 0x0000000002ab3000 Uncommon trap: reason=unstable_if action=reinterpret pc=0x0000000002e46850 method=java.io.Reader.read()I @ 12
Event: 2.518 Thread 0x0000000002ab3000 Uncommon trap: reason=unstable_if action=reinterpret pc=0x0000000002e483bc method=java.nio.charset.CoderResult.isOverflow()Z @ 5
Event: 2.599 Thread 0x0000000002ab3000 Uncommon trap: reason=unstable_if action=reinterpret pc=0x0000000002e7ebbc method=org.codehaus.plexus.util.xml.pull.MXParser.nextImpl()I @ 200
Event: 2.713 Thread 0x0000000002ab3000 Uncommon trap: reason=unstable_if action=reinterpret pc=0x0000000002e9fccc method=org.codehaus.plexus.util.xml.pull.MXParser.nextImpl()I @ 241
Event: 2.796 Thread 0x0000000002ab3000 Uncommon trap: reason=unstable_if action=reinterpret pc=0x0000000002e87690 method=sun.nio.cs.StreamDecoder.implRead([CII)I @ 197
Event: 2.843 Thread 0x0000000002ab3000 Uncommon trap: reason=unstable_if action=reinterpret pc=0x0000000002e16404 method=java.util.HashMap.getNode(ILjava/lang/Object;)Ljava/util/HashMap$Node; @ 129
Event: 2.850 Thread 0x0000000002ab3000 Uncommon trap: reason=unstable_if action=reinterpret pc=0x0000000002e1e3dc method=java.util.HashMap.getNode(ILjava/lang/Object;)Ljava/util/HashMap$Node; @ 129
Event: 2.877 Thread 0x0000000002ab3000 Uncommon trap: reason=range_check action=make_not_entrant pc=0x0000000002ee91a8 method=sun.reflect.generics.parser.SignatureParser.current()C @ 34

Classes redefined (0 events):
No events

Internal exceptions (10 events):
Event: 1.410 Thread 0x0000000002ab3000 Exception <a 'java/security/PrivilegedActionException'> (0x000000076bd682d0) thrown at [C:\re\workspace\8-2-build-windows-amd64-cygwin\jdk8u181\11358\hotspot\src\share\vm\prims\jvm.cpp, line 1435]
Event: 1.410 Thread 0x0000000002ab3000 Exception <a 'java/security/PrivilegedActionException'> (0x000000076bd684e0) thrown at [C:\re\workspace\8-2-build-windows-amd64-cygwin\jdk8u181\11358\hotspot\src\share\vm\prims\jvm.cpp, line 1435]
Event: 2.329 Thread 0x0000000002ab3000 Exception <a 'java/lang/ArrayIndexOutOfBoundsException'> (0x000000076ccb9d90) thrown at [C:\re\workspace\8-2-build-windows-amd64-cygwin\jdk8u181\11358\hotspot\src\share\vm\runtime\sharedRuntime.cpp, line 605]
Event: 2.340 Thread 0x0000000002ab3000 Exception <a 'java/lang/ArrayIndexOutOfBoundsException'> (0x000000076ccd7530) thrown at [C:\re\workspace\8-2-build-windows-amd64-cygwin\jdk8u181\11358\hotspot\src\share\vm\runtime\sharedRuntime.cpp, line 605]
Event: 2.358 Thread 0x0000000002ab3000 Exception <a 'java/lang/ArrayIndexOutOfBoundsException'> (0x000000076cd3abf0) thrown at [C:\re\workspace\8-2-build-windows-amd64-cygwin\jdk8u181\11358\hotspot\src\share\vm\runtime\sharedRuntime.cpp, line 605]
Event: 2.718 Thread 0x0000000002ab3000 Exception <a 'java/lang/ArrayIndexOutOfBoundsException'> (0x000000076d72d198) thrown at [C:\re\workspace\8-2-build-windows-amd64-cygwin\jdk8u181\11358\hotspot\src\share\vm\runtime\sharedRuntime.cpp, line 605]
Event: 2.719 Thread 0x0000000002ab3000 Exception <a 'java/lang/ArrayIndexOutOfBoundsException'> (0x000000076d72ed28) thrown at [C:\re\workspace\8-2-build-windows-amd64-cygwin\jdk8u181\11358\hotspot\src\share\vm\runtime\sharedRuntime.cpp, line 605]
Event: 2.842 Thread 0x0000000002ab3000 Exception <a 'java/lang/ArrayIndexOutOfBoundsException'> (0x000000076da04050) thrown at [C:\re\workspace\8-2-build-windows-amd64-cygwin\jdk8u181\11358\hotspot\src\share\vm\runtime\sharedRuntime.cpp, line 605]
Event: 2.877 Thread 0x0000000002ab3000 Exception <a 'java/lang/ArrayIndexOutOfBoundsException': 66> (0x000000076db31f78) thrown at [C:\re\workspace\8-2-build-windows-amd64-cygwin\jdk8u181\11358\hotspot\src\share\vm\interpreter\interpreterRuntime.cpp, line 366]
Event: 2.887 Thread 0x0000000002ab3000 Exception <a 'java/lang/ArrayIndexOutOfBoundsException': 85> (0x000000076db953e0) thrown at [C:\re\workspace\8-2-build-windows-amd64-cygwin\jdk8u181\11358\hotspot\src\share\vm\interpreter\interpreterRuntime.cpp, line 366]

Events (10 events):
Event: 3.090 loading class org/eclipse/sisu/space/asm/AnnotationWriter
Event: 3.090 loading class org/eclipse/sisu/space/asm/AnnotationWriter done
Event: 3.091 loading class org/eclipse/sisu/space/asm/FieldVisitor
Event: 3.091 loading class org/eclipse/sisu/space/asm/FieldVisitor done
Event: 3.092 loading class org/eclipse/sisu/space/asm/FieldWriter
Event: 3.092 loading class org/eclipse/sisu/space/asm/FieldWriter done
Event: 3.092 loading class org/eclipse/sisu/space/asm/MethodVisitor
Event: 3.092 loading class org/eclipse/sisu/space/asm/MethodVisitor done
Event: 3.093 loading class org/eclipse/sisu/space/asm/MethodWriter
Event: 3.093 loading class org/eclipse/sisu/space/asm/MethodWriter done


Dynamic libraries:
0x00007ff68e2f0000 - 0x00007ff68e327000 	C:\Program Files\Java\jdk1.8.0_181\bin\java.exe
0x00007ffbaa630000 - 0x00007ffbaa81d000 	C:\WINDOWS\SYSTEM32\ntdll.dll
0x00007ffba9950000 - 0x00007ffba9a03000 	C:\WINDOWS\System32\KERNEL32.DLL
0x00007ffba7140000 - 0x00007ffba73d3000 	C:\WINDOWS\System32\KERNELBASE.dll
0x00007ffba7ae0000 - 0x00007ffba7b83000 	C:\WINDOWS\System32\ADVAPI32.dll
0x00007ffbaa560000 - 0x00007ffbaa5fe000 	C:\WINDOWS\System32\msvcrt.dll
0x00007ffba7a40000 - 0x00007ffba7ade000 	C:\WINDOWS\System32\sechost.dll
0x00007ffba7ca0000 - 0x00007ffba7dc2000 	C:\WINDOWS\System32\RPCRT4.dll
0x00007ffba9d00000 - 0x00007ffba9e97000 	C:\WINDOWS\System32\USER32.dll
0x00007ffba7690000 - 0x00007ffba76b0000 	C:\WINDOWS\System32\win32u.dll
0x00007ffbaa320000 - 0x00007ffbaa349000 	C:\WINDOWS\System32\GDI32.dll
0x00007ffba6fa0000 - 0x00007ffba713a000 	C:\WINDOWS\System32\gdi32full.dll
0x00007ffba67b0000 - 0x00007ffba6850000 	C:\WINDOWS\System32\msvcp_win.dll
0x00007ffba7760000 - 0x00007ffba785a000 	C:\WINDOWS\System32\ucrtbase.dll
0x00007ffb91190000 - 0x00007ffb91409000 	C:\WINDOWS\WinSxS\amd64_microsoft.windows.common-controls_6595b64144ccf1df_6.0.17763.557_none_05b63f68071e5b9f\COMCTL32.dll
0x00007ffba7f30000 - 0x00007ffba825c000 	C:\WINDOWS\System32\combase.dll
0x00007ffba76e0000 - 0x00007ffba775e000 	C:\WINDOWS\System32\bcryptPrimitives.dll
0x00007ffba9920000 - 0x00007ffba994e000 	C:\WINDOWS\System32\IMM32.DLL
0x00007ffb76440000 - 0x00007ffb764f0000 	C:\Program Files\McAfee\Endpoint Security\Threat Prevention\Ips\EpMPApi.dll
0x00007ffba6750000 - 0x00007ffba67a9000 	C:\WINDOWS\System32\WINTRUST.dll
0x00007ffba66c0000 - 0x00007ffba66d2000 	C:\WINDOWS\System32\MSASN1.dll
0x00007ffba73e0000 - 0x00007ffba75bb000 	C:\WINDOWS\System32\CRYPT32.dll
0x0000000073a40000 - 0x0000000073a4c000 	C:\Program Files\McAfee\Endpoint Security\Threat Prevention\Ips\EpMPThe.dll
0x00007ffba3540000 - 0x00007ffba355b000 	C:\Program Files\McAfee\Endpoint Security\Threat Prevention\Ips\HIPHandlers64.dll
0x00007ffba9c10000 - 0x00007ffba9c62000 	C:\WINDOWS\System32\SHLWAPI.dll
0x00000000735e0000 - 0x00000000736b2000 	C:\Program Files\Java\jdk1.8.0_181\jre\bin\msvcr100.dll
0x0000000074c40000 - 0x00000000754e2000 	C:\Program Files\Java\jdk1.8.0_181\jre\bin\server\jvm.dll
0x00007ffba7c10000 - 0x00007ffba7c18000 	C:\WINDOWS\System32\PSAPI.DLL
0x00007ffba5600000 - 0x00007ffba560a000 	C:\WINDOWS\SYSTEM32\VERSION.dll
0x00007ffb9cc70000 - 0x00007ffb9cc79000 	C:\WINDOWS\SYSTEM32\WSOCK32.dll
0x00007ffb9cc40000 - 0x00007ffb9cc64000 	C:\WINDOWS\SYSTEM32\WINMM.dll
0x00007ffba98b0000 - 0x00007ffba991d000 	C:\WINDOWS\System32\ws2_32.DLL
0x00007ffb9cc10000 - 0x00007ffb9cc3d000 	C:\WINDOWS\SYSTEM32\winmmbase.dll
0x00007ffba6700000 - 0x00007ffba674a000 	C:\WINDOWS\System32\cfgmgr32.dll
0x0000000074c30000 - 0x0000000074c3f000 	C:\Program Files\Java\jdk1.8.0_181\jre\bin\verify.dll
0x0000000074c00000 - 0x0000000074c29000 	C:\Program Files\Java\jdk1.8.0_181\jre\bin\java.dll
0x0000000074be0000 - 0x0000000074bf6000 	C:\Program Files\Java\jdk1.8.0_181\jre\bin\zip.dll
0x00007ffba83c0000 - 0x00007ffba98b0000 	C:\WINDOWS\System32\SHELL32.dll
0x00007ffba7e80000 - 0x00007ffba7f28000 	C:\WINDOWS\System32\shcore.dll
0x00007ffba6850000 - 0x00007ffba6f9a000 	C:\WINDOWS\System32\windows.storage.dll
0x00007ffba6630000 - 0x00007ffba6654000 	C:\WINDOWS\System32\profapi.dll
0x00007ffba6660000 - 0x00007ffba66bd000 	C:\WINDOWS\System32\powrprof.dll
0x00007ffba66e0000 - 0x00007ffba66f1000 	C:\WINDOWS\System32\kernel.appcore.dll
0x00007ffba7670000 - 0x00007ffba7687000 	C:\WINDOWS\System32\cryptsp.dll
0x00007ffba1220000 - 0x00007ffba122a000 	C:\Users\i077541\Downloads\apache-maven-3.5.4\lib\jansi-native\windows64\jansi.dll

VM Arguments:
jvm_args: -Dclassworlds.conf=C:\Users\i077541\Downloads\apache-maven-3.5.4\bin\..\bin\m2.conf -Dmaven.home=C:\Users\i077541\Downloads\apache-maven-3.5.4\bin\.. -Dlibrary.jansi.path=C:\Users\i077541\Downloads\apache-maven-3.5.4\bin\..\lib\jansi-native -Dmaven.multiModuleProjectDirectory=C:\Users\i077541\Desktop\internal project\environment\springboottinny 
java_command: org.codehaus.plexus.classworlds.launcher.Launcher clean install
java_class_path (initial): C:\Users\i077541\Downloads\apache-maven-3.5.4\bin\..\boot\plexus-classworlds-2.5.2.jar
Launcher Type: SUN_STANDARD

Environment Variables:
JAVA_HOME=C:\Program Files\Java\jdk1.8.0_181
PATH=C:\Program Files (x86)\Razer Chroma SDK\bin;C:\Program Files\Razer Chroma SDK\bin;C:\Program Files (x86)\Common Files\Oracle\Java\javapath;C:\WINDOWS\system32;C:\WINDOWS;C:\WINDOWS\System32\Wbem;C:\WINDOWS\System32\WindowsPowerShell\v1.0\;C:\Program Files\Cloud Foundry;C:\Users\i077541\Downloads\apache-maven-3.5.4\bin;C:\Program Files\Git\cmd;C:\Program Files\nodejs\;C:\Program Files\Java\jdk1.8.0_181\bin;C:\Program Files\Java\jdk1.8.0_181\jre\bin;C:\Program Files\PuTTY\;C:\Program Files\MongoDB\Server\4.0\bin;C:\Users\i077541\Documents\go\bin;C:\WINDOWS\system32\config\systemprofile\AppData\Local\Microsoft\WindowsApps;;%SystemRoot%\system32;%SystemRoot%;%SystemRoot%\System32\Wbem;%SYSTEMROOT%\System32\WindowsPowerShell\v1.0\;%SYSTEMROOT%\System32\OpenSSH\;C:\Users\i077541\AppData\Local\Microsoft\WindowsApps;C:\Users\i077541\AppData\Roaming\npm;C:\Users\i077541\go\bin;C:\Users\i077541\AppData\Local\Programs\Fiddler;%USERPROFILE%\AppData\Local\Microsoft\WindowsApps;
USERNAME=I077541
OS=Windows_NT
PROCESSOR_IDENTIFIER=Intel64 Family 6 Model 142 Stepping 9, GenuineIntel



---------------  S Y S T E M  ---------------

OS: Windows 10.0 , 64 bit Build 17763 (10.0.17763.475)

CPU:total 4 (initial active 4) (2 cores per cpu, 2 threads per core) family 6 model 142 stepping 9, cmov, cx8, fxsr, mmx, sse, sse2, sse3, ssse3, sse4.1, sse4.2, popcnt, avx, avx2, aes, clmul, erms, rtm, 3dnowpref, lzcnt, ht, tsc, tscinvbit, bmi1, bmi2, adx

Memory: 4k page, physical 16612188k(5339348k free), swap 17840988k(6296k free)

vm_info: Java HotSpot(TM) 64-Bit Server VM (25.181-b13) for windows-amd64 JRE (1.8.0_181-b13), built on Jul  7 2018 04:01:33 by "java_re" with MS VC++ 10.0 (VS2010)

time: Wed Jul 10 21:58:00 2019
elapsed time: 3 seconds (0d 0h 0m 3s)

